mode: atomic
github.com/hellomyzn/yt-notifier/internal/controller/job_controller.go:26.150,28.2 1 5
github.com/hellomyzn/yt-notifier/internal/controller/job_controller.go:36.41,38.16 2 5
github.com/hellomyzn/yt-notifier/internal/controller/job_controller.go:38.16,40.3 1 1
github.com/hellomyzn/yt-notifier/internal/controller/job_controller.go:43.2,46.30 4 4
github.com/hellomyzn/yt-notifier/internal/controller/job_controller.go:46.30,49.39 3 7
github.com/hellomyzn/yt-notifier/internal/controller/job_controller.go:49.39,51.17 2 7
github.com/hellomyzn/yt-notifier/internal/controller/job_controller.go:51.17,51.26 1 7
github.com/hellomyzn/yt-notifier/internal/controller/job_controller.go:52.4,54.28 3 7
github.com/hellomyzn/yt-notifier/internal/controller/job_controller.go:57.2,63.28 3 4
github.com/hellomyzn/yt-notifier/internal/controller/job_controller.go:63.28,64.19 1 7
github.com/hellomyzn/yt-notifier/internal/controller/job_controller.go:64.19,66.12 2 2
github.com/hellomyzn/yt-notifier/internal/controller/job_controller.go:68.3,68.25 1 5
github.com/hellomyzn/yt-notifier/internal/controller/job_controller.go:68.25,69.12 1 1
github.com/hellomyzn/yt-notifier/internal/controller/job_controller.go:71.3,72.26 2 4
github.com/hellomyzn/yt-notifier/internal/controller/job_controller.go:72.26,74.31 2 4
github.com/hellomyzn/yt-notifier/internal/controller/job_controller.go:74.31,75.64 1 5
github.com/hellomyzn/yt-notifier/internal/controller/job_controller.go:75.64,77.6 1 2
github.com/hellomyzn/yt-notifier/internal/controller/job_controller.go:81.2,87.12 6 4
github.com/hellomyzn/yt-notifier/internal/repository/channel_repository.go:18.74,20.16 2 7
github.com/hellomyzn/yt-notifier/internal/repository/channel_repository.go:20.16,22.3 1 1
github.com/hellomyzn/yt-notifier/internal/repository/channel_repository.go:23.2,29.16 5 6
github.com/hellomyzn/yt-notifier/internal/repository/channel_repository.go:29.16,31.3 1 0
github.com/hellomyzn/yt-notifier/internal/repository/channel_repository.go:32.2,33.27 2 6
github.com/hellomyzn/yt-notifier/internal/repository/channel_repository.go:33.27,34.85 1 9
github.com/hellomyzn/yt-notifier/internal/repository/channel_repository.go:34.85,35.12 1 1
github.com/hellomyzn/yt-notifier/internal/repository/channel_repository.go:37.3,37.19 1 8
github.com/hellomyzn/yt-notifier/internal/repository/channel_repository.go:37.19,38.12 1 1
github.com/hellomyzn/yt-notifier/internal/repository/channel_repository.go:40.3,41.15 2 7
github.com/hellomyzn/yt-notifier/internal/repository/channel_repository.go:41.15,42.12 1 1
github.com/hellomyzn/yt-notifier/internal/repository/channel_repository.go:44.3,45.20 2 6
github.com/hellomyzn/yt-notifier/internal/repository/channel_repository.go:45.20,46.69 1 6
github.com/hellomyzn/yt-notifier/internal/repository/channel_repository.go:46.69,48.5 1 6
github.com/hellomyzn/yt-notifier/internal/repository/channel_repository.go:50.3,56.5 1 6
github.com/hellomyzn/yt-notifier/internal/repository/channel_repository.go:58.2,58.17 1 6
github.com/hellomyzn/yt-notifier/internal/repository/feed_repository.go:21.79,24.16 3 0
github.com/hellomyzn/yt-notifier/internal/repository/feed_repository.go:24.16,26.3 1 0
github.com/hellomyzn/yt-notifier/internal/repository/feed_repository.go:27.2,28.28 2 0
github.com/hellomyzn/yt-notifier/internal/repository/feed_repository.go:28.28,30.3 1 0
github.com/hellomyzn/yt-notifier/internal/repository/feed_repository.go:32.2,33.16 2 0
github.com/hellomyzn/yt-notifier/internal/repository/feed_repository.go:33.16,35.3 1 0
github.com/hellomyzn/yt-notifier/internal/repository/feed_repository.go:37.2,38.37 2 0
github.com/hellomyzn/yt-notifier/internal/repository/feed_repository.go:38.37,41.28 3 0
github.com/hellomyzn/yt-notifier/internal/repository/feed_repository.go:41.28,42.71 1 0
github.com/hellomyzn/yt-notifier/internal/repository/feed_repository.go:42.71,44.5 1 0
github.com/hellomyzn/yt-notifier/internal/repository/feed_repository.go:46.3,53.5 1 0
github.com/hellomyzn/yt-notifier/internal/repository/feed_repository.go:55.2,55.17 1 0
github.com/hellomyzn/yt-notifier/internal/repository/feed_repository.go:58.49,60.33 1 0
github.com/hellomyzn/yt-notifier/internal/repository/feed_repository.go:60.33,63.3 2 0
github.com/hellomyzn/yt-notifier/internal/repository/feed_repository.go:65.2,65.43 1 0
github.com/hellomyzn/yt-notifier/internal/repository/feed_repository.go:65.43,66.39 1 0
github.com/hellomyzn/yt-notifier/internal/repository/feed_repository.go:66.39,68.4 1 0
github.com/hellomyzn/yt-notifier/internal/repository/feed_repository.go:71.2,71.13 1 0
github.com/hellomyzn/yt-notifier/internal/repository/feed_repository.go:88.80,95.6 3 2
github.com/hellomyzn/yt-notifier/internal/repository/feed_repository.go:95.6,97.17 2 22
github.com/hellomyzn/yt-notifier/internal/repository/feed_repository.go:97.17,98.21 1 0
github.com/hellomyzn/yt-notifier/internal/repository/feed_repository.go:98.21,99.10 1 0
github.com/hellomyzn/yt-notifier/internal/repository/feed_repository.go:101.4,101.14 1 0
github.com/hellomyzn/yt-notifier/internal/repository/feed_repository.go:103.3,103.26 1 22
github.com/hellomyzn/yt-notifier/internal/repository/feed_repository.go:104.25,105.11 1 9
github.com/hellomyzn/yt-notifier/internal/repository/feed_repository.go:106.80,108.54 2 2
github.com/hellomyzn/yt-notifier/internal/repository/feed_repository.go:108.54,110.6 1 0
github.com/hellomyzn/yt-notifier/internal/repository/feed_repository.go:111.5,112.19 2 2
github.com/hellomyzn/yt-notifier/internal/repository/feed_repository.go:112.19,114.6 1 2
github.com/hellomyzn/yt-notifier/internal/repository/feed_repository.go:115.83,117.57 2 2
github.com/hellomyzn/yt-notifier/internal/repository/feed_repository.go:117.57,119.6 1 0
github.com/hellomyzn/yt-notifier/internal/repository/feed_repository.go:120.5,120.20 1 2
github.com/hellomyzn/yt-notifier/internal/repository/feed_repository.go:121.87,123.61 2 2
github.com/hellomyzn/yt-notifier/internal/repository/feed_repository.go:123.61,125.6 1 0
github.com/hellomyzn/yt-notifier/internal/repository/feed_repository.go:126.5,126.28 1 2
github.com/hellomyzn/yt-notifier/internal/repository/feed_repository.go:127.82,129.33 2 2
github.com/hellomyzn/yt-notifier/internal/repository/feed_repository.go:129.33,130.29 1 4
github.com/hellomyzn/yt-notifier/internal/repository/feed_repository.go:131.17,132.28 1 2
github.com/hellomyzn/yt-notifier/internal/repository/feed_repository.go:133.18,134.29 1 2
github.com/hellomyzn/yt-notifier/internal/repository/feed_repository.go:137.5,138.38 2 2
github.com/hellomyzn/yt-notifier/internal/repository/feed_repository.go:138.38,140.6 1 0
github.com/hellomyzn/yt-notifier/internal/repository/feed_repository.go:141.59,143.59 2 1
github.com/hellomyzn/yt-notifier/internal/repository/feed_repository.go:143.59,145.6 1 0
github.com/hellomyzn/yt-notifier/internal/repository/feed_repository.go:146.5,146.22 1 1
github.com/hellomyzn/yt-notifier/internal/repository/feed_repository.go:146.22,148.6 1 1
github.com/hellomyzn/yt-notifier/internal/repository/feed_repository.go:149.12,150.38 1 0
github.com/hellomyzn/yt-notifier/internal/repository/feed_repository.go:150.38,152.6 1 0
github.com/hellomyzn/yt-notifier/internal/repository/feed_repository.go:154.23,155.28 1 2
github.com/hellomyzn/yt-notifier/internal/repository/feed_repository.go:155.28,157.5 1 2
github.com/hellomyzn/yt-notifier/internal/repository/feed_repository.go:160.2,160.12 1 0
github.com/hellomyzn/yt-notifier/internal/repository/feed_repository.go:163.32,164.28 1 0
github.com/hellomyzn/yt-notifier/internal/repository/feed_repository.go:164.28,165.43 1 0
github.com/hellomyzn/yt-notifier/internal/repository/feed_repository.go:165.43,167.4 1 0
github.com/hellomyzn/yt-notifier/internal/repository/feed_repository.go:169.2,169.22 1 0
github.com/hellomyzn/yt-notifier/internal/repository/feed_repository.go:169.22,171.3 1 0
github.com/hellomyzn/yt-notifier/internal/repository/feed_repository.go:172.2,172.11 1 0
github.com/hellomyzn/yt-notifier/internal/repository/feed_repository.go:180.47,184.42 4 1
github.com/hellomyzn/yt-notifier/internal/repository/feed_repository.go:184.42,186.3 1 0
github.com/hellomyzn/yt-notifier/internal/repository/feed_repository.go:187.2,187.19 1 1
github.com/hellomyzn/yt-notifier/internal/repository/notified_repository.go:23.82,26.16 3 7
github.com/hellomyzn/yt-notifier/internal/repository/notified_repository.go:26.16,28.3 1 0
github.com/hellomyzn/yt-notifier/internal/repository/notified_repository.go:29.2,29.65 1 7
github.com/hellomyzn/yt-notifier/internal/repository/notified_repository.go:32.70,36.2 3 60
github.com/hellomyzn/yt-notifier/internal/repository/notified_repository.go:38.111,41.84 3 3
github.com/hellomyzn/yt-notifier/internal/repository/notified_repository.go:41.84,43.3 1 0
github.com/hellomyzn/yt-notifier/internal/repository/notified_repository.go:44.2,45.12 2 3
github.com/hellomyzn/yt-notifier/internal/repository/notified_repository.go:50.68,52.16 2 7
github.com/hellomyzn/yt-notifier/internal/repository/notified_repository.go:52.16,53.25 1 3
github.com/hellomyzn/yt-notifier/internal/repository/notified_repository.go:53.25,55.4 1 3
github.com/hellomyzn/yt-notifier/internal/repository/notified_repository.go:56.3,56.18 1 0
github.com/hellomyzn/yt-notifier/internal/repository/notified_repository.go:58.2,63.16 5 4
github.com/hellomyzn/yt-notifier/internal/repository/notified_repository.go:63.16,65.3 1 0
github.com/hellomyzn/yt-notifier/internal/repository/notified_repository.go:66.2,67.27 2 4
github.com/hellomyzn/yt-notifier/internal/repository/notified_repository.go:67.27,68.19 1 5
github.com/hellomyzn/yt-notifier/internal/repository/notified_repository.go:68.19,70.4 1 5
github.com/hellomyzn/yt-notifier/internal/repository/notified_repository.go:72.2,72.18 1 4
github.com/hellomyzn/yt-notifier/internal/repository/notified_repository.go:75.67,77.16 2 0
github.com/hellomyzn/yt-notifier/internal/repository/notified_repository.go:77.16,79.3 1 0
github.com/hellomyzn/yt-notifier/internal/repository/notified_repository.go:80.2,80.27 1 0
github.com/hellomyzn/yt-notifier/internal/repository/notified_repository.go:83.108,84.43 1 3
github.com/hellomyzn/yt-notifier/internal/repository/notified_repository.go:84.43,86.3 1 0
github.com/hellomyzn/yt-notifier/internal/repository/notified_repository.go:87.2,88.16 2 3
github.com/hellomyzn/yt-notifier/internal/repository/notified_repository.go:88.16,90.3 1 0
github.com/hellomyzn/yt-notifier/internal/repository/notified_repository.go:91.2,102.21 5 3
github.com/hellomyzn/yt-notifier/internal/repository/notified_repository.go:105.36,106.49 1 3
github.com/hellomyzn/yt-notifier/internal/repository/notified_repository.go:106.49,108.15 2 2
github.com/hellomyzn/yt-notifier/internal/repository/notified_repository.go:108.15,110.4 1 0
github.com/hellomyzn/yt-notifier/internal/repository/notified_repository.go:111.3,111.12 1 2
github.com/hellomyzn/yt-notifier/internal/repository/notified_repository.go:113.2,113.12 1 3
github.com/hellomyzn/yt-notifier/internal/repository/youtube_repository.go:31.67,32.18 1 2
github.com/hellomyzn/yt-notifier/internal/repository/youtube_repository.go:32.18,34.3 1 1
github.com/hellomyzn/yt-notifier/internal/repository/youtube_repository.go:35.2,40.3 1 1
github.com/hellomyzn/yt-notifier/internal/repository/youtube_repository.go:43.105,44.14 1 0
github.com/hellomyzn/yt-notifier/internal/repository/youtube_repository.go:44.14,46.3 1 0
github.com/hellomyzn/yt-notifier/internal/repository/youtube_repository.go:47.2,47.20 1 0
github.com/hellomyzn/yt-notifier/internal/repository/youtube_repository.go:47.20,49.3 1 0
github.com/hellomyzn/yt-notifier/internal/repository/youtube_repository.go:50.2,51.22 2 0
github.com/hellomyzn/yt-notifier/internal/repository/youtube_repository.go:51.22,53.3 1 0
github.com/hellomyzn/yt-notifier/internal/repository/youtube_repository.go:54.2,55.25 2 0
github.com/hellomyzn/yt-notifier/internal/repository/youtube_repository.go:55.25,57.3 1 0
github.com/hellomyzn/yt-notifier/internal/repository/youtube_repository.go:59.2,61.19 3 0
github.com/hellomyzn/yt-notifier/internal/repository/youtube_repository.go:61.19,63.3 1 0
github.com/hellomyzn/yt-notifier/internal/repository/youtube_repository.go:65.2,70.32 2 0
github.com/hellomyzn/yt-notifier/internal/repository/youtube_repository.go:70.32,79.26 8 0
github.com/hellomyzn/yt-notifier/internal/repository/youtube_repository.go:79.26,81.4 1 0
github.com/hellomyzn/yt-notifier/internal/repository/youtube_repository.go:83.3,86.17 3 0
github.com/hellomyzn/yt-notifier/internal/repository/youtube_repository.go:86.17,88.4 1 0
github.com/hellomyzn/yt-notifier/internal/repository/youtube_repository.go:89.3,89.10 1 0
github.com/hellomyzn/yt-notifier/internal/repository/youtube_repository.go:89.10,92.30 2 0
github.com/hellomyzn/yt-notifier/internal/repository/youtube_repository.go:92.30,98.86 3 0
github.com/hellomyzn/yt-notifier/internal/repository/youtube_repository.go:98.86,100.6 1 0
github.com/hellomyzn/yt-notifier/internal/repository/youtube_repository.go:101.5,101.97 1 0
github.com/hellomyzn/yt-notifier/internal/repository/youtube_repository.go:101.97,103.6 1 0
github.com/hellomyzn/yt-notifier/internal/repository/youtube_repository.go:104.5,105.11 2 0
github.com/hellomyzn/yt-notifier/internal/repository/youtube_repository.go:108.4,109.82 2 0
github.com/hellomyzn/yt-notifier/internal/repository/youtube_repository.go:109.82,112.5 2 0
github.com/hellomyzn/yt-notifier/internal/repository/youtube_repository.go:114.4,114.39 1 0
github.com/hellomyzn/yt-notifier/internal/repository/youtube_repository.go:114.39,116.22 2 0
github.com/hellomyzn/yt-notifier/internal/repository/youtube_repository.go:116.22,118.6 1 0
github.com/hellomyzn/yt-notifier/internal/repository/youtube_repository.go:119.5,119.22 1 0
github.com/hellomyzn/yt-notifier/internal/repository/youtube_repository.go:119.22,120.14 1 0
github.com/hellomyzn/yt-notifier/internal/repository/youtube_repository.go:122.5,131.35 3 0
github.com/hellomyzn/yt-notifier/internal/repository/youtube_repository.go:131.35,132.11 1 0
github.com/hellomyzn/yt-notifier/internal/repository/youtube_repository.go:136.4,137.54 2 0
github.com/hellomyzn/yt-notifier/internal/repository/youtube_repository.go:137.54,139.5 1 0
github.com/hellomyzn/yt-notifier/internal/repository/youtube_repository.go:142.3,142.17 1 0
github.com/hellomyzn/yt-notifier/internal/repository/youtube_repository.go:142.17,144.4 1 0
github.com/hellomyzn/yt-notifier/internal/repository/youtube_repository.go:146.3,148.33 2 0
github.com/hellomyzn/yt-notifier/internal/repository/youtube_repository.go:148.33,149.9 1 0
github.com/hellomyzn/yt-notifier/internal/repository/youtube_repository.go:151.3,151.26 1 0
github.com/hellomyzn/yt-notifier/internal/repository/youtube_repository.go:151.26,152.9 1 0
github.com/hellomyzn/yt-notifier/internal/repository/youtube_repository.go:156.2,156.44 1 0
github.com/hellomyzn/yt-notifier/internal/repository/youtube_repository.go:156.44,158.3 1 0
github.com/hellomyzn/yt-notifier/internal/repository/youtube_repository.go:160.2,160.27 1 0
github.com/hellomyzn/yt-notifier/internal/repository/youtube_repository.go:160.27,162.3 1 0
github.com/hellomyzn/yt-notifier/internal/repository/youtube_repository.go:164.2,164.17 1 0
github.com/hellomyzn/yt-notifier/internal/repository/youtube_repository.go:167.74,171.18 4 0
github.com/hellomyzn/yt-notifier/internal/repository/youtube_repository.go:171.18,173.3 1 0
github.com/hellomyzn/yt-notifier/internal/repository/youtube_repository.go:174.2,175.20 2 0
github.com/hellomyzn/yt-notifier/internal/repository/youtube_repository.go:175.20,177.3 1 0
github.com/hellomyzn/yt-notifier/internal/repository/youtube_repository.go:178.2,181.17 4 0
github.com/hellomyzn/yt-notifier/internal/repository/youtube_repository.go:185.68,186.34 1 0
github.com/hellomyzn/yt-notifier/internal/repository/youtube_repository.go:186.34,188.3 1 0
github.com/hellomyzn/yt-notifier/internal/repository/youtube_repository.go:189.2,189.29 1 0
github.com/hellomyzn/yt-notifier/internal/repository/youtube_repository.go:198.49,203.2 4 2
github.com/hellomyzn/yt-notifier/internal/repository/youtube_repository.go:205.66,212.2 3 1
github.com/hellomyzn/yt-notifier/internal/repository/youtube_repository.go:228.42,229.14 1 0
github.com/hellomyzn/yt-notifier/internal/repository/youtube_repository.go:229.14,231.3 1 0
github.com/hellomyzn/yt-notifier/internal/repository/youtube_repository.go:232.2,233.21 2 0
github.com/hellomyzn/yt-notifier/internal/repository/youtube_repository.go:233.21,235.3 1 0
github.com/hellomyzn/yt-notifier/internal/repository/youtube_repository.go:236.2,236.22 1 0
github.com/hellomyzn/yt-notifier/internal/repository/youtube_repository.go:236.22,238.3 1 0
github.com/hellomyzn/yt-notifier/internal/repository/youtube_repository.go:239.2,239.12 1 0
github.com/hellomyzn/yt-notifier/internal/repository/youtube_repository.go:242.42,243.14 1 0
github.com/hellomyzn/yt-notifier/internal/repository/youtube_repository.go:243.14,245.3 1 0
github.com/hellomyzn/yt-notifier/internal/repository/youtube_repository.go:246.2,246.14 1 0
github.com/hellomyzn/yt-notifier/internal/repository/youtube_repository.go:249.50,250.17 1 4
github.com/hellomyzn/yt-notifier/internal/repository/youtube_repository.go:250.17,252.3 1 1
github.com/hellomyzn/yt-notifier/internal/repository/youtube_repository.go:253.2,253.50 1 3
github.com/hellomyzn/yt-notifier/internal/repository/youtube_repository.go:253.50,255.3 1 2
github.com/hellomyzn/yt-notifier/internal/repository/youtube_repository.go:256.2,256.49 1 1
github.com/hellomyzn/yt-notifier/internal/repository/youtube_repository.go:256.49,258.3 1 0
github.com/hellomyzn/yt-notifier/internal/repository/youtube_repository.go:259.2,259.10 1 1
github.com/hellomyzn/yt-notifier/internal/repository/youtube_repository.go:280.49,282.19 2 6
github.com/hellomyzn/yt-notifier/internal/repository/youtube_repository.go:282.19,284.3 1 2
github.com/hellomyzn/yt-notifier/internal/repository/youtube_repository.go:285.2,285.58 1 4
github.com/hellomyzn/yt-notifier/internal/repository/youtube_repository.go:285.58,287.3 1 2
github.com/hellomyzn/yt-notifier/internal/repository/youtube_repository.go:288.2,288.16 1 2
github.com/hellomyzn/yt-notifier/internal/repository/youtube_repository.go:291.33,292.13 1 4
github.com/hellomyzn/yt-notifier/internal/repository/youtube_repository.go:292.13,294.3 1 1
github.com/hellomyzn/yt-notifier/internal/repository/youtube_repository.go:295.2,295.13 1 3
github.com/hellomyzn/yt-notifier/internal/repository/youtube_repository.go:295.13,297.3 1 1
github.com/hellomyzn/yt-notifier/internal/repository/youtube_repository.go:298.2,298.10 1 2
github.com/hellomyzn/yt-notifier/internal/repository/youtube_repository.go:301.44,302.29 1 4
github.com/hellomyzn/yt-notifier/internal/repository/youtube_repository.go:302.29,303.16 1 7
github.com/hellomyzn/yt-notifier/internal/repository/youtube_repository.go:303.16,304.12 1 3
github.com/hellomyzn/yt-notifier/internal/repository/youtube_repository.go:306.3,306.58 1 4
github.com/hellomyzn/yt-notifier/internal/repository/youtube_repository.go:306.58,308.4 1 3
github.com/hellomyzn/yt-notifier/internal/repository/youtube_repository.go:310.2,310.19 1 1
github.com/hellomyzn/yt-notifier/internal/notifier/notifier.go:30.61,36.22 2 5
github.com/hellomyzn/yt-notifier/internal/notifier/notifier.go:36.22,38.3 1 1
github.com/hellomyzn/yt-notifier/internal/notifier/notifier.go:40.2,45.16 4 5
github.com/hellomyzn/yt-notifier/internal/notifier/notifier.go:45.16,47.3 1 0
github.com/hellomyzn/yt-notifier/internal/notifier/notifier.go:48.2,49.16 2 5
github.com/hellomyzn/yt-notifier/internal/notifier/notifier.go:49.16,51.3 1 0
github.com/hellomyzn/yt-notifier/internal/notifier/notifier.go:52.2,53.28 2 5
github.com/hellomyzn/yt-notifier/internal/notifier/notifier.go:53.28,57.20 4 3
github.com/hellomyzn/yt-notifier/internal/notifier/notifier.go:57.20,58.61 1 2
github.com/hellomyzn/yt-notifier/internal/notifier/notifier.go:58.61,60.5 1 0
github.com/hellomyzn/yt-notifier/internal/notifier/notifier.go:62.3,66.4 1 3
github.com/hellomyzn/yt-notifier/internal/notifier/notifier.go:68.2,68.12 1 2
github.com/hellomyzn/yt-notifier/internal/notifier/notifier.go:77.43,78.14 1 0
github.com/hellomyzn/yt-notifier/internal/notifier/notifier.go:78.14,80.3 1 0
github.com/hellomyzn/yt-notifier/internal/notifier/notifier.go:81.2,82.21 2 0
github.com/hellomyzn/yt-notifier/internal/notifier/notifier.go:82.21,84.3 1 0
github.com/hellomyzn/yt-notifier/internal/notifier/notifier.go:85.2,85.22 1 0
github.com/hellomyzn/yt-notifier/internal/notifier/notifier.go:85.22,87.3 1 0
github.com/hellomyzn/yt-notifier/internal/notifier/notifier.go:88.2,88.12 1 0
github.com/hellomyzn/yt-notifier/internal/notifier/notifier.go:91.68,92.44 1 3
github.com/hellomyzn/yt-notifier/internal/notifier/notifier.go:92.44,94.3 1 1
github.com/hellomyzn/yt-notifier/internal/notifier/notifier.go:95.2,95.43 1 2
github.com/hellomyzn/yt-notifier/internal/notifier/notifier.go:95.43,97.3 1 1
github.com/hellomyzn/yt-notifier/internal/notifier/notifier.go:98.2,98.10 1 1
github.com/hellomyzn/yt-notifier/internal/notifier/notifier.go:101.54,102.15 1 10
github.com/hellomyzn/yt-notifier/internal/notifier/notifier.go:102.15,104.3 1 3
github.com/hellomyzn/yt-notifier/internal/notifier/notifier.go:105.2,105.58 1 7
github.com/hellomyzn/yt-notifier/internal/notifier/notifier.go:105.58,106.16 1 6
github.com/hellomyzn/yt-notifier/internal/notifier/notifier.go:106.16,108.4 1 2
github.com/hellomyzn/yt-notifier/internal/notifier/notifier.go:109.3,109.52 1 4
github.com/hellomyzn/yt-notifier/internal/notifier/notifier.go:111.2,111.47 1 1
github.com/hellomyzn/yt-notifier/internal/notifier/notifier.go:111.47,113.3 1 0
github.com/hellomyzn/yt-notifier/internal/notifier/notifier.go:114.2,114.10 1 1
github.com/hellomyzn/yt-notifier/internal/notifier/notifier.go:117.53,118.20 1 7
github.com/hellomyzn/yt-notifier/internal/notifier/notifier.go:118.20,120.3 1 2
github.com/hellomyzn/yt-notifier/internal/notifier/notifier.go:121.2,124.55 2 5
github.com/hellomyzn/yt-notifier/internal/notifier/notifier.go:124.55,126.3 1 1
github.com/hellomyzn/yt-notifier/internal/notifier/notifier.go:127.2,127.29 1 4
github.com/hellomyzn/yt-notifier/internal/notifier/notifier.go:127.29,129.3 1 2
github.com/hellomyzn/yt-notifier/internal/notifier/notifier.go:130.2,130.65 1 2
github.com/hellomyzn/yt-notifier/internal/notifier/notifier.go:133.51,134.20 1 2
github.com/hellomyzn/yt-notifier/internal/notifier/notifier.go:134.20,136.3 1 2
github.com/hellomyzn/yt-notifier/internal/notifier/notifier.go:137.2,140.55 2 0
github.com/hellomyzn/yt-notifier/internal/notifier/notifier.go:140.55,142.3 1 0
github.com/hellomyzn/yt-notifier/internal/notifier/notifier.go:143.2,143.43 1 0
github.com/hellomyzn/yt-notifier/internal/service/feed_service.go:40.65,43.2 1 8
github.com/hellomyzn/yt-notifier/internal/service/feed_service.go:45.84,51.16 3 8
github.com/hellomyzn/yt-notifier/internal/service/feed_service.go:51.16,53.17 2 3
github.com/hellomyzn/yt-notifier/internal/service/feed_service.go:53.17,55.4 1 1
github.com/hellomyzn/yt-notifier/internal/service/feed_service.go:56.8,59.3 2 5
github.com/hellomyzn/yt-notifier/internal/service/feed_service.go:60.2,60.30 1 8
github.com/hellomyzn/yt-notifier/internal/service/feed_service.go:60.30,61.55 1 2
github.com/hellomyzn/yt-notifier/internal/service/feed_service.go:61.55,63.4 1 1
github.com/hellomyzn/yt-notifier/internal/service/feed_service.go:63.9,65.4 1 1
github.com/hellomyzn/yt-notifier/internal/service/feed_service.go:66.3,69.24 4 2
github.com/hellomyzn/yt-notifier/internal/service/feed_service.go:71.2,71.16 1 8
github.com/hellomyzn/yt-notifier/internal/service/feed_service.go:71.16,73.3 1 1
github.com/hellomyzn/yt-notifier/internal/service/feed_service.go:76.2,76.67 1 7
github.com/hellomyzn/yt-notifier/internal/service/feed_service.go:76.67,80.20 4 1
github.com/hellomyzn/yt-notifier/internal/service/feed_service.go:80.20,83.4 2 1
github.com/hellomyzn/yt-notifier/internal/service/feed_service.go:83.9,85.59 2 0
github.com/hellomyzn/yt-notifier/internal/service/feed_service.go:85.59,87.5 1 0
github.com/hellomyzn/yt-notifier/internal/service/feed_service.go:91.2,92.27 2 7
github.com/hellomyzn/yt-notifier/internal/service/feed_service.go:92.27,94.17 2 19
github.com/hellomyzn/yt-notifier/internal/service/feed_service.go:94.17,96.4 1 0
github.com/hellomyzn/yt-notifier/internal/service/feed_service.go:97.3,97.11 1 19
github.com/hellomyzn/yt-notifier/internal/service/feed_service.go:97.11,98.12 1 4
github.com/hellomyzn/yt-notifier/internal/service/feed_service.go:101.3,101.23 1 15
github.com/hellomyzn/yt-notifier/internal/service/feed_service.go:103.2,103.17 1 7
github.com/hellomyzn/yt-notifier/internal/service/feed_service.go:106.41,110.2 3 0
github.com/hellomyzn/yt-notifier/internal/service/feed_service.go:112.40,116.2 3 2
github.com/hellomyzn/yt-notifier/internal/service/feed_service.go:118.40,122.2 3 7
github.com/hellomyzn/yt-notifier/internal/service/feed_service.go:124.43,128.2 3 2
github.com/hellomyzn/yt-notifier/internal/service/feed_service.go:130.43,134.2 3 2
github.com/hellomyzn/yt-notifier/internal/service/feed_service.go:136.49,140.2 3 1
github.com/hellomyzn/yt-notifier/internal/service/notify_service.go:38.139,45.2 1 0
github.com/hellomyzn/yt-notifier/internal/service/notify_service.go:47.73,49.19 2 4
github.com/hellomyzn/yt-notifier/internal/service/notify_service.go:49.19,50.9 1 2
github.com/hellomyzn/yt-notifier/internal/service/notify_service.go:50.9,52.4 1 1
github.com/hellomyzn/yt-notifier/internal/service/notify_service.go:53.3,53.68 1 1
github.com/hellomyzn/yt-notifier/internal/service/notify_service.go:56.2,66.16 5 2
github.com/hellomyzn/yt-notifier/internal/service/notify_service.go:66.16,69.3 2 0
github.com/hellomyzn/yt-notifier/internal/service/notify_service.go:71.2,73.12 3 2
github.com/hellomyzn/yt-notifier/internal/service/notify_service.go:76.51,80.2 3 1
github.com/hellomyzn/yt-notifier/internal/service/notify_service.go:82.74,86.8 4 2
github.com/hellomyzn/yt-notifier/internal/service/notify_service.go:86.8,88.3 1 0
github.com/hellomyzn/yt-notifier/internal/service/notify_service.go:89.2,90.31 2 2
github.com/hellomyzn/yt-notifier/internal/service/notify_service.go:90.31,92.3 1 0
github.com/hellomyzn/yt-notifier/internal/service/notify_service.go:93.2,100.19 3 2
github.com/hellomyzn/yt-notifier/internal/service/notify_service.go:103.52,107.17 4 2
github.com/hellomyzn/yt-notifier/internal/service/notify_service.go:107.17,110.3 2 0
github.com/hellomyzn/yt-notifier/internal/service/notify_service.go:113.41,117.2 3 0
github.com/hellomyzn/yt-notifier/internal/service/notify_service.go:129.85,133.51 3 5
github.com/hellomyzn/yt-notifier/internal/service/notify_service.go:133.51,135.3 1 0
github.com/hellomyzn/yt-notifier/internal/service/notify_service.go:137.2,138.18 2 5
github.com/hellomyzn/yt-notifier/internal/service/notify_service.go:138.18,140.3 1 0
github.com/hellomyzn/yt-notifier/internal/service/notify_service.go:141.2,144.6 4 5
github.com/hellomyzn/yt-notifier/internal/service/notify_service.go:144.6,146.21 2 11
github.com/hellomyzn/yt-notifier/internal/service/notify_service.go:146.21,149.4 2 4
github.com/hellomyzn/yt-notifier/internal/service/notify_service.go:151.3,153.61 2 7
github.com/hellomyzn/yt-notifier/internal/service/notify_service.go:153.61,155.17 2 7
github.com/hellomyzn/yt-notifier/internal/service/notify_service.go:155.17,158.5 2 5
github.com/hellomyzn/yt-notifier/internal/service/notify_service.go:158.10,160.5 1 2
github.com/hellomyzn/yt-notifier/internal/service/notify_service.go:161.4,161.16 1 7
github.com/hellomyzn/yt-notifier/internal/service/notify_service.go:161.16,164.5 2 7
github.com/hellomyzn/yt-notifier/internal/service/notify_service.go:165.4,165.56 1 7
github.com/hellomyzn/yt-notifier/internal/service/notify_service.go:165.56,166.13 1 2
github.com/hellomyzn/yt-notifier/internal/service/notify_service.go:168.9,171.4 2 0
github.com/hellomyzn/yt-notifier/internal/service/notify_service.go:173.3,174.51 2 5
github.com/hellomyzn/yt-notifier/internal/service/notify_service.go:174.51,175.9 1 1
github.com/hellomyzn/yt-notifier/internal/service/notify_service.go:178.2,178.112 1 1
github.com/hellomyzn/yt-notifier/internal/service/notify_service.go:181.63,183.30 2 7
github.com/hellomyzn/yt-notifier/internal/service/notify_service.go:183.30,185.3 1 7
github.com/hellomyzn/yt-notifier/internal/service/notify_service.go:186.2,186.12 1 0
github.com/hellomyzn/yt-notifier/internal/service/notify_service.go:189.52,190.11 1 7
github.com/hellomyzn/yt-notifier/internal/service/notify_service.go:190.11,192.3 1 7
github.com/hellomyzn/yt-notifier/internal/service/notify_service.go:193.2,193.10 1 0
